TN:
SF:src/app.js
FNF:0
FNH:0
DA:1,1
DA:2,1
DA:4,1
DA:7,1
DA:8,1
DA:10,1
LF:6
LH:6
BRF:0
BRH:0
end_of_record
TN:
SF:src/routes/freeTime.js
FN:7,(anonymous_0)
FN:17,(anonymous_1)
FN:25,(anonymous_2)
FN:26,(anonymous_3)
FNF:4
FNH:4
FNDA:7,(anonymous_0)
FNDA:7,(anonymous_1)
FNDA:10,(anonymous_2)
FNDA:18,(anonymous_3)
DA:1,1
DA:2,1
DA:4,1
DA:7,1
DA:8,7
DA:9,7
DA:10,7
DA:17,1
DA:18,7
DA:21,7
DA:25,7
DA:26,10
DA:27,18
DA:28,9
DA:29,7
DA:34,1
DA:35,1
DA:36,6
DA:41,3
DA:42,3
DA:43,2
DA:47,2
DA:48,2
DA:50,1
DA:54,9
DA:58,1
DA:59,8
DA:60,2
DA:61,2
DA:67,7
DA:69,7
DA:73,1
LF:32
LH:32
BRDA:18,0,0,6
BRDA:18,0,1,1
BRDA:21,1,0,6
BRDA:21,1,1,1
BRDA:27,2,0,9
BRDA:27,2,1,9
BRDA:28,3,0,7
BRDA:28,3,1,2
BRDA:29,4,0,1
BRDA:29,4,1,6
BRDA:30,5,0,7
BRDA:30,5,1,4
BRDA:36,6,0,3
BRDA:36,6,1,3
BRDA:37,7,0,6
BRDA:37,7,1,3
BRDA:42,8,0,2
BRDA:42,8,1,1
BRDA:54,9,0,1
BRDA:54,9,1,8
BRDA:55,10,0,9
BRDA:55,10,1,7
BRDA:59,11,0,2
BRDA:59,11,1,6
BRF:24
BRH:24
end_of_record
TN:
SF:src/routes/mappingUtils.js
FN:5,(anonymous_0)
FN:19,(anonymous_1)
FN:31,(anonymous_2)
FN:32,(anonymous_3)
FN:38,(anonymous_4)
FN:49,(anonymous_5)
FN:50,(anonymous_6)
FNF:7
FNH:7
FNDA:38,(anonymous_0)
FNDA:16,(anonymous_1)
FNDA:7,(anonymous_2)
FNDA:10,(anonymous_3)
FNDA:8,(anonymous_4)
FNDA:12,(anonymous_5)
FNDA:19,(anonymous_6)
DA:5,1
DA:6,38
DA:8,38
DA:9,38
DA:10,38
DA:11,38
DA:12,38
DA:19,1
DA:20,16
DA:31,1
DA:32,7
DA:33,10
DA:34,3
DA:38,7
DA:39,8
DA:40,8
DA:42,7
DA:49,1
DA:50,12
DA:51,19
DA:52,19
DA:54,12
DA:58,1
LF:23
LH:23
BRDA:33,0,0,3
BRDA:33,0,1,7
BRF:2
BRH:2
end_of_record
TN:
SF:src/test/data.js
FNF:0
FNH:0
DA:1,1
DA:40,1
DA:79,1
DA:110,1
DA:133,1
DA:153,1
DA:176,1
LF:7
LH:7
BRF:0
BRH:0
end_of_record
